[0.434s] Invoking command in '/home/rover/demo_ws/src/demo_app': PYTHONPATH=/home/rover/demo_ws/build/demo_app/prefix_override:/usr/lib/python3/dist-packages/colcon_core/task/python/colcon_distutils_commands:/home/rover/demo_ws/install/demo_app/lib/python3.10/site-packages:${PYTHONPATH} /usr/bin/python3 -W ignore:setup.py install is deprecated -W ignore:easy_install command is deprecated setup.py egg_info --egg-base ../../build/demo_app build --build-base /home/rover/demo_ws/build/demo_app/build install --record /home/rover/demo_ws/build/demo_app/install.log --single-version-externally-managed install_data
[0.595s] running egg_info
[0.595s] creating ../../build/demo_app/demo_app.egg-info
[0.596s] writing ../../build/demo_app/demo_app.egg-info/PKG-INFO
[0.596s] writing dependency_links to ../../build/demo_app/demo_app.egg-info/dependency_links.txt
[0.596s] writing entry points to ../../build/demo_app/demo_app.egg-info/entry_points.txt
[0.596s] writing requirements to ../../build/demo_app/demo_app.egg-info/requires.txt
[0.596s] writing top-level names to ../../build/demo_app/demo_app.egg-info/top_level.txt
[0.596s] writing manifest file '../../build/demo_app/demo_app.egg-info/SOURCES.txt'
[0.597s] reading manifest file '../../build/demo_app/demo_app.egg-info/SOURCES.txt'
[0.597s] writing manifest file '../../build/demo_app/demo_app.egg-info/SOURCES.txt'
[0.597s] running build
[0.597s] running build_py
[0.597s] creating /home/rover/demo_ws/build/demo_app/build
[0.597s] creating /home/rover/demo_ws/build/demo_app/build/lib
[0.597s] creating /home/rover/demo_ws/build/demo_app/build/lib/demo_app
[0.597s] copying demo_app/demo_app_node.py -> /home/rover/demo_ws/build/demo_app/build/lib/demo_app
[0.597s] copying demo_app/__init__.py -> /home/rover/demo_ws/build/demo_app/build/lib/demo_app
[0.597s] copying demo_app/waypoint_saver.py -> /home/rover/demo_ws/build/demo_app/build/lib/demo_app
[0.597s] copying demo_app/mission_planner.py -> /home/rover/demo_ws/build/demo_app/build/lib/demo_app
[0.598s] running install
[0.598s] running install_lib
[0.598s] creating /home/rover/demo_ws/install/demo_app/lib/python3.10/site-packages/demo_app
[0.598s] copying /home/rover/demo_ws/build/demo_app/build/lib/demo_app/demo_app_node.py -> /home/rover/demo_ws/install/demo_app/lib/python3.10/site-packages/demo_app
[0.598s] copying /home/rover/demo_ws/build/demo_app/build/lib/demo_app/__init__.py -> /home/rover/demo_ws/install/demo_app/lib/python3.10/site-packages/demo_app
[0.598s] copying /home/rover/demo_ws/build/demo_app/build/lib/demo_app/waypoint_saver.py -> /home/rover/demo_ws/install/demo_app/lib/python3.10/site-packages/demo_app
[0.598s] copying /home/rover/demo_ws/build/demo_app/build/lib/demo_app/mission_planner.py -> /home/rover/demo_ws/install/demo_app/lib/python3.10/site-packages/demo_app
[0.599s] byte-compiling /home/rover/demo_ws/install/demo_app/lib/python3.10/site-packages/demo_app/demo_app_node.py to demo_app_node.cpython-310.pyc
[0.599s] byte-compiling /home/rover/demo_ws/install/demo_app/lib/python3.10/site-packages/demo_app/__init__.py to __init__.cpython-310.pyc
[0.599s] byte-compiling /home/rover/demo_ws/install/demo_app/lib/python3.10/site-packages/demo_app/waypoint_saver.py to waypoint_saver.cpython-310.pyc
[0.599s] byte-compiling /home/rover/demo_ws/install/demo_app/lib/python3.10/site-packages/demo_app/mission_planner.py to mission_planner.cpython-310.pyc
[0.600s] running install_data
[0.600s] creating /home/rover/demo_ws/install/demo_app/share/ament_index
[0.600s] creating /home/rover/demo_ws/install/demo_app/share/ament_index/resource_index
[0.600s] creating /home/rover/demo_ws/install/demo_app/share/ament_index/resource_index/packages
[0.600s] copying resource/demo_app -> /home/rover/demo_ws/install/demo_app/share/ament_index/resource_index/packages
[0.600s] copying package.xml -> /home/rover/demo_ws/install/demo_app/share/demo_app
[0.600s] copying launch/save_waypoint.launch.py -> /home/rover/demo_ws/install/demo_app/share/demo_app
[0.600s] running install_egg_info
[0.601s] Copying ../../build/demo_app/demo_app.egg-info to /home/rover/demo_ws/install/demo_app/lib/python3.10/site-packages/demo_app-0.0.0-py3.10.egg-info
[0.601s] running install_scripts
[0.615s] Installing demo_app_node script to /home/rover/demo_ws/install/demo_app/lib/demo_app
[0.616s] Installing mission_planner script to /home/rover/demo_ws/install/demo_app/lib/demo_app
[0.616s] Installing waypoint_saver script to /home/rover/demo_ws/install/demo_app/lib/demo_app
[0.616s] writing list of installed files to '/home/rover/demo_ws/build/demo_app/install.log'
[0.630s] Invoked command in '/home/rover/demo_ws/src/demo_app' returned '0': PYTHONPATH=/home/rover/demo_ws/build/demo_app/prefix_override:/usr/lib/python3/dist-packages/colcon_core/task/python/colcon_distutils_commands:/home/rover/demo_ws/install/demo_app/lib/python3.10/site-packages:${PYTHONPATH} /usr/bin/python3 -W ignore:setup.py install is deprecated -W ignore:easy_install command is deprecated setup.py egg_info --egg-base ../../build/demo_app build --build-base /home/rover/demo_ws/build/demo_app/build install --record /home/rover/demo_ws/build/demo_app/install.log --single-version-externally-managed install_data
