[0.178s] Invoking command in '/home/rover/demo_ws/build/robot_pose_publisher_ros2': CMAKE_PREFIX_PATH=${CMAKE_PREFIX_PATH}:/home/rover/rover/project-roast/ros_ws/install/roast_utils:/home/rover/rover/project-roast/ros_ws/install/roast_plugins:/home/rover/rover/project-roast/ros_ws/install/roast_navigation:/home/rover/rover/project-roast/ros_ws/install/joystick_control:/opt/ros/humble /usr/bin/cmake /home/rover/demo_ws/src/robot_pose_publisher_ros2 -DCMAKE_INSTALL_PREFIX=/home/rover/demo_ws/install/robot_pose_publisher_ros2
[0.269s] -- The C compiler identification is GNU 11.4.0
[0.341s] -- The CXX compiler identification is GNU 11.4.0
[0.348s] -- Detecting C compiler ABI info
[0.408s] -- Detecting C compiler ABI info - done
[0.416s] -- Check for working C compiler: /usr/bin/cc - skipped
[0.416s] -- Detecting C compile features
[0.416s] -- Detecting C compile features - done
[0.418s] -- Detecting CXX compiler ABI info
[0.484s] -- Detecting CXX compiler ABI info - done
[0.488s] -- Check for working CXX compiler: /usr/bin/c++ - skipped
[0.489s] -- Detecting CXX compile features
[0.489s] -- Detecting CXX compile features - done
[0.491s] -- Found ament_cmake: 1.3.11 (/opt/ros/humble/share/ament_cmake/cmake)
[0.648s] -- Found Python3: /usr/bin/python3 (found version "3.10.12") found components: Interpreter 
[0.730s] -- Found rclcpp: 16.0.11 (/opt/ros/humble/share/rclcpp/cmake)
[0.770s] -- Found rosidl_generator_c: 3.1.6 (/opt/ros/humble/share/rosidl_generator_c/cmake)
[0.775s] -- Found rosidl_adapter: 3.1.6 (/opt/ros/humble/share/rosidl_adapter/cmake)
[0.783s] -- Found rosidl_generator_cpp: 3.1.6 (/opt/ros/humble/share/rosidl_generator_cpp/cmake)
[0.796s] -- Using all available rosidl_typesupport_c: rosidl_typesupport_fastrtps_c;rosidl_typesupport_introspection_c
[0.811s] -- Using all available rosidl_typesupport_cpp: rosidl_typesupport_fastrtps_cpp;rosidl_typesupport_introspection_cpp
[0.853s] -- Found rmw_implementation_cmake: 6.1.2 (/opt/ros/humble/share/rmw_implementation_cmake/cmake)
[0.857s] -- Found rmw_cyclonedds_cpp: 1.3.4 (/opt/ros/humble/share/rmw_cyclonedds_cpp/cmake)
[0.879s] -- Using RMW implementation 'rmw_cyclonedds_cpp' as default
[0.888s] -- Looking for pthread.h
[0.957s] -- Looking for pthread.h - found
[0.957s] -- Performing Test CMAKE_HAVE_LIBC_PTHREAD
[1.033s] -- Performing Test CMAKE_HAVE_LIBC_PTHREAD - Success
[1.035s] -- Found Threads: TRUE  
[1.084s] -- Found geometry_msgs: 4.2.4 (/opt/ros/humble/share/geometry_msgs/cmake)
[1.096s] -- Found tf2_ros: 0.25.12 (/opt/ros/humble/share/tf2_ros/cmake)
[1.226s] -- Configuring done
[1.232s] -- Generating done
[1.235s] -- Build files have been written to: /home/rover/demo_ws/build/robot_pose_publisher_ros2
[1.240s] Invoked command in '/home/rover/demo_ws/build/robot_pose_publisher_ros2' returned '0': CMAKE_PREFIX_PATH=${CMAKE_PREFIX_PATH}:/home/rover/rover/project-roast/ros_ws/install/roast_utils:/home/rover/rover/project-roast/ros_ws/install/roast_plugins:/home/rover/rover/project-roast/ros_ws/install/roast_navigation:/home/rover/rover/project-roast/ros_ws/install/joystick_control:/opt/ros/humble /usr/bin/cmake /home/rover/demo_ws/src/robot_pose_publisher_ros2 -DCMAKE_INSTALL_PREFIX=/home/rover/demo_ws/install/robot_pose_publisher_ros2
[1.240s] Invoking command in '/home/rover/demo_ws/build/robot_pose_publisher_ros2': CMAKE_PREFIX_PATH=${CMAKE_PREFIX_PATH}:/home/rover/rover/project-roast/ros_ws/install/roast_utils:/home/rover/rover/project-roast/ros_ws/install/roast_plugins:/home/rover/rover/project-roast/ros_ws/install/roast_navigation:/home/rover/rover/project-roast/ros_ws/install/joystick_control:/opt/ros/humble /usr/bin/cmake --build /home/rover/demo_ws/build/robot_pose_publisher_ros2 -- -j20 -l20
[1.297s] [ 50%] [32mBuilding CXX object CMakeFiles/robot_pose_publisher.dir/src/robot_pose_publisher.cpp.o[0m
[4.505s] [100%] [32m[1mLinking CXX executable robot_pose_publisher[0m
[4.661s] [100%] Built target robot_pose_publisher
[4.671s] Invoked command in '/home/rover/demo_ws/build/robot_pose_publisher_ros2' returned '0': CMAKE_PREFIX_PATH=${CMAKE_PREFIX_PATH}:/home/rover/rover/project-roast/ros_ws/install/roast_utils:/home/rover/rover/project-roast/ros_ws/install/roast_plugins:/home/rover/rover/project-roast/ros_ws/install/roast_navigation:/home/rover/rover/project-roast/ros_ws/install/joystick_control:/opt/ros/humble /usr/bin/cmake --build /home/rover/demo_ws/build/robot_pose_publisher_ros2 -- -j20 -l20
[4.674s] Invoking command in '/home/rover/demo_ws/build/robot_pose_publisher_ros2': CMAKE_PREFIX_PATH=${CMAKE_PREFIX_PATH}:/home/rover/rover/project-roast/ros_ws/install/roast_utils:/home/rover/rover/project-roast/ros_ws/install/roast_plugins:/home/rover/rover/project-roast/ros_ws/install/roast_navigation:/home/rover/rover/project-roast/ros_ws/install/joystick_control:/opt/ros/humble /usr/bin/cmake --install /home/rover/demo_ws/build/robot_pose_publisher_ros2
[4.681s] -- Install configuration: ""
[4.681s] -- Installing: /home/rover/demo_ws/install/robot_pose_publisher_ros2/lib/robot_pose_publisher_ros2/robot_pose_publisher
[4.683s] -- Set runtime path of "/home/rover/demo_ws/install/robot_pose_publisher_ros2/lib/robot_pose_publisher_ros2/robot_pose_publisher" to ""
[4.683s] -- Installing: /home/rover/demo_ws/install/robot_pose_publisher_ros2/share/robot_pose_publisher_ros2/launch
[4.683s] -- Installing: /home/rover/demo_ws/install/robot_pose_publisher_ros2/share/robot_pose_publisher_ros2/launch/robot_pose_publisher_launch.py
[4.683s] -- Installing: /home/rover/demo_ws/install/robot_pose_publisher_ros2/share/ament_index/resource_index/package_run_dependencies/robot_pose_publisher_ros2
[4.683s] -- Installing: /home/rover/demo_ws/install/robot_pose_publisher_ros2/share/ament_index/resource_index/parent_prefix_path/robot_pose_publisher_ros2
[4.683s] -- Installing: /home/rover/demo_ws/install/robot_pose_publisher_ros2/share/robot_pose_publisher_ros2/environment/ament_prefix_path.sh
[4.683s] -- Installing: /home/rover/demo_ws/install/robot_pose_publisher_ros2/share/robot_pose_publisher_ros2/environment/ament_prefix_path.dsv
[4.683s] -- Installing: /home/rover/demo_ws/install/robot_pose_publisher_ros2/share/robot_pose_publisher_ros2/environment/path.sh
[4.683s] -- Installing: /home/rover/demo_ws/install/robot_pose_publisher_ros2/share/robot_pose_publisher_ros2/environment/path.dsv
[4.683s] -- Installing: /home/rover/demo_ws/install/robot_pose_publisher_ros2/share/robot_pose_publisher_ros2/local_setup.bash
[4.683s] -- Installing: /home/rover/demo_ws/install/robot_pose_publisher_ros2/share/robot_pose_publisher_ros2/local_setup.sh
[4.683s] -- Installing: /home/rover/demo_ws/install/robot_pose_publisher_ros2/share/robot_pose_publisher_ros2/local_setup.zsh
[4.684s] -- Installing: /home/rover/demo_ws/install/robot_pose_publisher_ros2/share/robot_pose_publisher_ros2/local_setup.dsv
[4.684s] -- Installing: /home/rover/demo_ws/install/robot_pose_publisher_ros2/share/robot_pose_publisher_ros2/package.dsv
[4.684s] -- Installing: /home/rover/demo_ws/install/robot_pose_publisher_ros2/share/ament_index/resource_index/packages/robot_pose_publisher_ros2
[4.684s] -- Installing: /home/rover/demo_ws/install/robot_pose_publisher_ros2/share/robot_pose_publisher_ros2/cmake/robot_pose_publisher_ros2Config.cmake
[4.684s] -- Installing: /home/rover/demo_ws/install/robot_pose_publisher_ros2/share/robot_pose_publisher_ros2/cmake/robot_pose_publisher_ros2Config-version.cmake
[4.684s] -- Installing: /home/rover/demo_ws/install/robot_pose_publisher_ros2/share/robot_pose_publisher_ros2/package.xml
[4.686s] Invoked command in '/home/rover/demo_ws/build/robot_pose_publisher_ros2' returned '0': CMAKE_PREFIX_PATH=${CMAKE_PREFIX_PATH}:/home/rover/rover/project-roast/ros_ws/install/roast_utils:/home/rover/rover/project-roast/ros_ws/install/roast_plugins:/home/rover/rover/project-roast/ros_ws/install/roast_navigation:/home/rover/rover/project-roast/ros_ws/install/joystick_control:/opt/ros/humble /usr/bin/cmake --install /home/rover/demo_ws/build/robot_pose_publisher_ros2
