[0.179s] Invoking command in '/home/rover/demo_ws/build/dorobots_msgs': CMAKE_PREFIX_PATH=${CMAKE_PREFIX_PATH}:/home/rover/rover/project-roast/ros_ws/install/roast_utils:/home/rover/rover/project-roast/ros_ws/install/roast_plugins:/home/rover/rover/project-roast/ros_ws/install/roast_navigation:/home/rover/rover/project-roast/ros_ws/install/joystick_control:/opt/ros/humble /usr/bin/cmake /home/rover/demo_ws/src/dorobots_msgs -DCMAKE_INSTALL_PREFIX=/home/rover/demo_ws/install/dorobots_msgs
[0.271s] -- The C compiler identification is GNU 11.4.0
[0.349s] -- The CXX compiler identification is GNU 11.4.0
[0.355s] -- Detecting C compiler ABI info
[0.412s] -- Detecting C compiler ABI info - done
[0.418s] -- Check for working C compiler: /usr/bin/cc - skipped
[0.418s] -- Detecting C compile features
[0.418s] -- Detecting C compile features - done
[0.421s] -- Detecting CXX compiler ABI info
[0.484s] -- Detecting CXX compiler ABI info - done
[0.488s] -- Check for working CXX compiler: /usr/bin/c++ - skipped
[0.489s] -- Detecting CXX compile features
[0.489s] -- Detecting CXX compile features - done
[0.493s] -- Found ament_cmake: 1.3.11 (/opt/ros/humble/share/ament_cmake/cmake)
[0.652s] -- Found Python3: /usr/bin/python3 (found version "3.10.12") found components: Interpreter 
[0.733s] -- Found ament_lint_auto: 0.12.11 (/opt/ros/humble/share/ament_lint_auto/cmake)
[0.798s] -- Added test 'lint_cmake' to check CMake code style
[0.801s] -- Added test 'xmllint' to check XML markup files
[0.802s] -- Configuring done
[0.803s] -- Generating done
[0.804s] -- Build files have been written to: /home/rover/demo_ws/build/dorobots_msgs
[0.807s] Invoked command in '/home/rover/demo_ws/build/dorobots_msgs' returned '0': CMAKE_PREFIX_PATH=${CMAKE_PREFIX_PATH}:/home/rover/rover/project-roast/ros_ws/install/roast_utils:/home/rover/rover/project-roast/ros_ws/install/roast_plugins:/home/rover/rover/project-roast/ros_ws/install/roast_navigation:/home/rover/rover/project-roast/ros_ws/install/joystick_control:/opt/ros/humble /usr/bin/cmake /home/rover/demo_ws/src/dorobots_msgs -DCMAKE_INSTALL_PREFIX=/home/rover/demo_ws/install/dorobots_msgs
[0.808s] Invoking command in '/home/rover/demo_ws/build/dorobots_msgs': CMAKE_PREFIX_PATH=${CMAKE_PREFIX_PATH}:/home/rover/rover/project-roast/ros_ws/install/roast_utils:/home/rover/rover/project-roast/ros_ws/install/roast_plugins:/home/rover/rover/project-roast/ros_ws/install/roast_navigation:/home/rover/rover/project-roast/ros_ws/install/joystick_control:/opt/ros/humble /usr/bin/cmake --build /home/rover/demo_ws/build/dorobots_msgs -- -j20 -l20
[0.836s] Invoked command in '/home/rover/demo_ws/build/dorobots_msgs' returned '0': CMAKE_PREFIX_PATH=${CMAKE_PREFIX_PATH}:/home/rover/rover/project-roast/ros_ws/install/roast_utils:/home/rover/rover/project-roast/ros_ws/install/roast_plugins:/home/rover/rover/project-roast/ros_ws/install/roast_navigation:/home/rover/rover/project-roast/ros_ws/install/joystick_control:/opt/ros/humble /usr/bin/cmake --build /home/rover/demo_ws/build/dorobots_msgs -- -j20 -l20
[0.842s] Invoking command in '/home/rover/demo_ws/build/dorobots_msgs': CMAKE_PREFIX_PATH=${CMAKE_PREFIX_PATH}:/home/rover/rover/project-roast/ros_ws/install/roast_utils:/home/rover/rover/project-roast/ros_ws/install/roast_plugins:/home/rover/rover/project-roast/ros_ws/install/roast_navigation:/home/rover/rover/project-roast/ros_ws/install/joystick_control:/opt/ros/humble /usr/bin/cmake --install /home/rover/demo_ws/build/dorobots_msgs
[0.848s] -- Install configuration: ""
[0.848s] -- Installing: /home/rover/demo_ws/install/dorobots_msgs/share/ament_index/resource_index/package_run_dependencies/dorobots_msgs
[0.849s] -- Installing: /home/rover/demo_ws/install/dorobots_msgs/share/ament_index/resource_index/parent_prefix_path/dorobots_msgs
[0.849s] -- Installing: /home/rover/demo_ws/install/dorobots_msgs/share/dorobots_msgs/environment/ament_prefix_path.sh
[0.849s] -- Installing: /home/rover/demo_ws/install/dorobots_msgs/share/dorobots_msgs/environment/ament_prefix_path.dsv
[0.849s] -- Installing: /home/rover/demo_ws/install/dorobots_msgs/share/dorobots_msgs/environment/path.sh
[0.849s] -- Installing: /home/rover/demo_ws/install/dorobots_msgs/share/dorobots_msgs/environment/path.dsv
[0.849s] -- Installing: /home/rover/demo_ws/install/dorobots_msgs/share/dorobots_msgs/local_setup.bash
[0.849s] -- Installing: /home/rover/demo_ws/install/dorobots_msgs/share/dorobots_msgs/local_setup.sh
[0.849s] -- Installing: /home/rover/demo_ws/install/dorobots_msgs/share/dorobots_msgs/local_setup.zsh
[0.849s] -- Installing: /home/rover/demo_ws/install/dorobots_msgs/share/dorobots_msgs/local_setup.dsv
[0.849s] -- Installing: /home/rover/demo_ws/install/dorobots_msgs/share/dorobots_msgs/package.dsv
[0.849s] -- Installing: /home/rover/demo_ws/install/dorobots_msgs/share/ament_index/resource_index/packages/dorobots_msgs
[0.849s] -- Installing: /home/rover/demo_ws/install/dorobots_msgs/share/dorobots_msgs/cmake/dorobots_msgsConfig.cmake
[0.849s] -- Installing: /home/rover/demo_ws/install/dorobots_msgs/share/dorobots_msgs/cmake/dorobots_msgsConfig-version.cmake
[0.849s] -- Installing: /home/rover/demo_ws/install/dorobots_msgs/share/dorobots_msgs/package.xml
[0.850s] Invoked command in '/home/rover/demo_ws/build/dorobots_msgs' returned '0': CMAKE_PREFIX_PATH=${CMAKE_PREFIX_PATH}:/home/rover/rover/project-roast/ros_ws/install/roast_utils:/home/rover/rover/project-roast/ros_ws/install/roast_plugins:/home/rover/rover/project-roast/ros_ws/install/roast_navigation:/home/rover/rover/project-roast/ros_ws/install/joystick_control:/opt/ros/humble /usr/bin/cmake --install /home/rover/demo_ws/build/dorobots_msgs
