/home/rover/demo_ws/install/demo_app/lib/python3.10/site-packages/demo_app/demo_app_node.py
/home/rover/demo_ws/install/demo_app/lib/python3.10/site-packages/demo_app/__init__.py
/home/rover/demo_ws/install/demo_app/lib/python3.10/site-packages/demo_app/waypoint_saver.py
/home/rover/demo_ws/install/demo_app/lib/python3.10/site-packages/demo_app/mission_planner.py
/home/rover/demo_ws/install/demo_app/lib/python3.10/site-packages/demo_app/__pycache__/demo_app_node.cpython-310.pyc
/home/rover/demo_ws/install/demo_app/lib/python3.10/site-packages/demo_app/__pycache__/__init__.cpython-310.pyc
/home/rover/demo_ws/install/demo_app/lib/python3.10/site-packages/demo_app/__pycache__/waypoint_saver.cpython-310.pyc
/home/rover/demo_ws/install/demo_app/lib/python3.10/site-packages/demo_app/__pycache__/mission_planner.cpython-310.pyc
/home/rover/demo_ws/install/demo_app/share/ament_index/resource_index/packages/demo_app
/home/rover/demo_ws/install/demo_app/share/demo_app/package.xml
/home/rover/demo_ws/install/demo_app/share/demo_app/save_waypoint.launch.py
/home/rover/demo_ws/install/demo_app/lib/python3.10/site-packages/demo_app-0.0.0-py3.10.egg-info/entry_points.txt
/home/rover/demo_ws/install/demo_app/lib/python3.10/site-packages/demo_app-0.0.0-py3.10.egg-info/dependency_links.txt
/home/rover/demo_ws/install/demo_app/lib/python3.10/site-packages/demo_app-0.0.0-py3.10.egg-info/PKG-INFO
/home/rover/demo_ws/install/demo_app/lib/python3.10/site-packages/demo_app-0.0.0-py3.10.egg-info/requires.txt
/home/rover/demo_ws/install/demo_app/lib/python3.10/site-packages/demo_app-0.0.0-py3.10.egg-info/top_level.txt
/home/rover/demo_ws/install/demo_app/lib/python3.10/site-packages/demo_app-0.0.0-py3.10.egg-info/SOURCES.txt
/home/rover/demo_ws/install/demo_app/lib/python3.10/site-packages/demo_app-0.0.0-py3.10.egg-info/zip-safe
/home/rover/demo_ws/install/demo_app/lib/demo_app/demo_app_node
/home/rover/demo_ws/install/demo_app/lib/demo_app/mission_planner
/home/rover/demo_ws/install/demo_app/lib/demo_app/waypoint_saver
